<?xml version="1.0" encoding="UTF-8"?>
<!-- Generated by org.testng.reporters.JUnitReportReporter -->
<testsuite hostname="DESKTOP-O7A1UDV" name="test.java.com.test.demo.TestDemo" tests="1" failures="0" timestamp="1 Sep 2019 13:39:21 GMT" time="0.005" errors="0">
  <testcase name="testadd" time="0.005" classname="test.java.com.test.demo.TestDemo"/>
</testsuite> <!-- test.java.com.test.demo.TestDemo -->
